app/build/intermediates/manifest_merge_blame_file/debug/manifest-merger-blame-debug-report.txt
1<?xml version="1.0" encoding="utf-8"?>
2<manifest xmlns:android="http://schemas.android.com/apk/res/android"
3    package="com.example.myapplication"
4    android:versionCode="1"
5    android:versionName="1.0" >
6
7    <uses-sdk
8        android:minSdkVersion="26"
8-->src\main\AndroidManifest.xml
9        android:targetSdkVersion="28" />
9-->src\main\AndroidManifest.xml
10
11    <uses-permission android:name="android.permission.BLUETOOTH" />
11-->src\main\AndroidManifest.xml:5:5-68
11-->src\main\AndroidManifest.xml:5:22-65
12    <uses-permission android:name="android.permission.BLUETOOTH_ADMIN" />
12-->src\main\AndroidManifest.xml:6:5-74
12-->src\main\AndroidManifest.xml:6:22-71
13
14    <application
14-->src\main\AndroidManifest.xml:8:1-23:15
15        android:allowBackup="true"
15-->src\main\AndroidManifest.xml:9:5-31
16        android:appComponentFactory="androidx.core.app.CoreComponentFactory"
16-->[androidx.core:core:1.5.0] AndroidManifest.xml:24:18-86
17        android:debuggable="true"
18        android:extractNativeLibs="false"
19        android:icon="@mipmap/ic_launcher"
19-->src\main\AndroidManifest.xml:10:5-39
20        android:label="@string/app_name"
20-->src\main\AndroidManifest.xml:11:5-37
21        android:supportsRtl="true"
21-->src\main\AndroidManifest.xml:12:5-31
22        android:testOnly="true"
23        android:theme="@style/AppTheme" >
23-->src\main\AndroidManifest.xml:13:5-36
24
25        <!-- Определение активности по умолчанию -->
26        <activity android:name="com.example.myapplication.MainActivity" >
26-->src\main\AndroidManifest.xml:16:5-21:16
26-->src\main\AndroidManifest.xml:16:15-43
27            <intent-filter>
27-->src\main\AndroidManifest.xml:17:9-20:25
28                <action android:name="android.intent.action.MAIN" />
28-->src\main\AndroidManifest.xml:18:13-65
28-->src\main\AndroidManifest.xml:18:21-62
29
30                <category android:name="android.intent.category.LAUNCHER" />
30-->src\main\AndroidManifest.xml:19:13-73
30-->src\main\AndroidManifest.xml:19:23-70
31            </intent-filter>
32        </activity>
33    </application>
34
35</manifest>